::1 - - [24/Nov/2015:11:13:53 +0000] "GET /api/restaurants HTTP/1.1" 200 454 "-" "Mozilla/5.0 (Windows NT 6.3; WOW64) AppleWebKit/537.36 (KHTML, like Gecko) Chrome/46.0.2490.86 Safari/537.36"
::1 - - [24/Nov/2015:11:13:53 +0000] "GET /favicon.ico HTTP/1.1" 404 24 "http://localhost/api/restaurants" "Mozilla/5.0 (Windows NT 6.3; WOW64) AppleWebKit/537.36 (KHTML, like Gecko) Chrome/46.0.2490.86 Safari/537.36"
::1 - - [24/Nov/2015:11:15:32 +0000] "GET /api/restaurants HTTP/1.1" 304 - "-" "Mozilla/5.0 (Windows NT 6.3; WOW64) AppleWebKit/537.36 (KHTML, like Gecko) Chrome/46.0.2490.86 Safari/537.36"
::1 - - [24/Nov/2015:11:15:40 +0000] "GET /api/restaurants/565440f2cf0c213fc259ce15 HTTP/1.1" 200 223 "-" "Mozilla/5.0 (Windows NT 6.3; WOW64) AppleWebKit/537.36 (KHTML, like Gecko) Chrome/46.0.2490.86 Safari/537.36"
::1 - - [24/Nov/2015:11:15:46 +0000] "GET /api/restaurants HTTP/1.1" 304 - "-" "Mozilla/5.0 (Windows NT 6.3; WOW64) AppleWebKit/537.36 (KHTML, like Gecko) Chrome/46.0.2490.86 Safari/537.36"
::1 - - [24/Nov/2015:13:06:01 +0000] "GET /api/restaurants HTTP/1.1" 200 37 "-" "Mozilla/5.0 (Windows NT 6.3; WOW64) AppleWebKit/537.36 (KHTML, like Gecko) Chrome/46.0.2490.86 Safari/537.36"
::1 - - [24/Nov/2015:14:21:42 +0000] "GET /api/restaurants HTTP/1.1" 200 530 "-" "Mozilla/5.0 (Windows NT 6.3; WOW64) AppleWebKit/537.36 (KHTML, like Gecko) Chrome/46.0.2490.86 Safari/537.36"
::1 - - [24/Nov/2015:14:24:55 +0000] "GET /api/restaurants HTTP/1.1" 200 530 "-" "Mozilla/5.0 (Windows NT 6.3; WOW64) AppleWebKit/537.36 (KHTML, like Gecko) Chrome/46.0.2490.86 Safari/537.36"
::1 - - [24/Nov/2015:14:36:20 +0000] "GET /api/restaurants/5654415bcf0c213fc259ce16 HTTP/1.1" 404 53 "-" "Mozilla/5.0 (Windows NT 6.3; WOW64) AppleWebKit/537.36 (KHTML, like Gecko) Chrome/46.0.2490.86 Safari/537.36"
::1 - - [24/Nov/2015:14:44:45 +0000] "GET /api/restaurants/5654415bcf0c213fc259ce16 HTTP/1.1" 404 53 "-" "Mozilla/5.0 (Windows NT 6.3; WOW64) AppleWebKit/537.36 (KHTML, like Gecko) Chrome/46.0.2490.86 Safari/537.36"
::1 - - [24/Nov/2015:14:44:50 +0000] "GET /api/restaurants/5654415bcf0c213fc259ce16 HTTP/1.1" 404 53 "-" "Mozilla/5.0 (Windows NT 6.3; WOW64) AppleWebKit/537.36 (KHTML, like Gecko) Chrome/46.0.2490.86 Safari/537.36"
::1 - - [24/Nov/2015:14:51:46 +0000] "GET /api/restaurants/5654415bcf0c213fc259ce16 HTTP/1.1" 500 2122 "-" "Mozilla/5.0 (Windows NT 6.3; WOW64) AppleWebKit/537.36 (KHTML, like Gecko) Chrome/46.0.2490.86 Safari/537.36"
::1 - - [24/Nov/2015:14:52:07 +0000] "GET /api/restaurants/5654415bcf0c213fc259ce16 HTTP/1.1" 200 268 "-" "Mozilla/5.0 (Windows NT 6.3; WOW64) AppleWebKit/537.36 (KHTML, like Gecko) Chrome/46.0.2490.86 Safari/537.36"
::1 - - [24/Nov/2015:14:53:09 +0000] "GET /api/restaurants/5654415bcf0c213fc259ce16 HTTP/1.1" 200 266 "-" "Mozilla/5.0 (Windows NT 6.3; WOW64) AppleWebKit/537.36 (KHTML, like Gecko) Chrome/46.0.2490.86 Safari/537.36"
::1 - - [24/Nov/2015:15:01:29 +0000] "GET /api/restaurants HTTP/1.1" 200 530 "-" "Mozilla/5.0 (Windows NT 6.3; WOW64) AppleWebKit/537.36 (KHTML, like Gecko) Chrome/46.0.2490.86 Safari/537.36"
::1 - - [25/Nov/2015:08:00:30 +0000] "DELETE /api/restaurants HTTP/1.1" 404 31 "-" "Mozilla/5.0 (Windows NT 6.3; WOW64) AppleWebKit/537.36 (KHTML, like Gecko) Chrome/46.0.2490.86 Safari/537.36"
::1 - - [25/Nov/2015:08:00:43 +0000] "DELETE /api/restaurants HTTP/1.1" 404 31 "-" "Mozilla/5.0 (Windows NT 6.3; WOW64) AppleWebKit/537.36 (KHTML, like Gecko) Chrome/46.0.2490.86 Safari/537.36"
::1 - - [25/Nov/2015:08:00:49 +0000] "GET /api/restaurants HTTP/1.1" 200 530 "-" "Mozilla/5.0 (Windows NT 6.3; WOW64) AppleWebKit/537.36 (KHTML, like Gecko) Chrome/46.0.2490.86 Safari/537.36"
::1 - - [25/Nov/2015:08:01:22 +0000] "GET /api/restaurants/5654415bcf0c213fc259ce16 HTTP/1.1" 200 266 "-" "Mozilla/5.0 (Windows NT 6.3; WOW64) AppleWebKit/537.36 (KHTML, like Gecko) Chrome/46.0.2490.86 Safari/537.36"
::1 - - [25/Nov/2015:08:01:29 +0000] "GET /api/restaurants/ HTTP/1.1" 200 530 "-" "Mozilla/5.0 (Windows NT 6.3; WOW64) AppleWebKit/537.36 (KHTML, like Gecko) Chrome/46.0.2490.86 Safari/537.36"
::1 - - [25/Nov/2015:08:05:01 +0000] "GET /api/restaurants/web/http://www.technocite.be HTTP/1.1" 404 57 "-" "Mozilla/5.0 (Windows NT 6.3; WOW64) AppleWebKit/537.36 (KHTML, like Gecko) Chrome/46.0.2490.86 Safari/537.36"
::1 - - [25/Nov/2015:08:05:07 +0000] "GET /api/restaurants/ HTTP/1.1" 200 530 "-" "Mozilla/5.0 (Windows NT 6.3; WOW64) AppleWebKit/537.36 (KHTML, like Gecko) Chrome/46.0.2490.86 Safari/537.36"
::1 - - [25/Nov/2015:08:05:44 +0000] "GET /api/restaurants/street/Rue%20de%20la%20Voile HTTP/1.1" 500 2123 "-" "Mozilla/5.0 (Windows NT 6.3; WOW64) AppleWebKit/537.36 (KHTML, like Gecko) Chrome/46.0.2490.86 Safari/537.36"
::1 - - [25/Nov/2015:08:05:57 +0000] "GET /api/restaurants/street/Rue%20de%20la%20Voile HTTP/1.1" 500 2123 "-" "Mozilla/5.0 (Windows NT 6.3; WOW64) AppleWebKit/537.36 (KHTML, like Gecko) Chrome/46.0.2490.86 Safari/537.36"
::1 - - [25/Nov/2015:08:05:57 +0000] "GET /favicon.ico HTTP/1.1" 404 24 "http://localhost/api/restaurants/street/Rue%20de%20la%20Voile" "Mozilla/5.0 (Windows NT 6.3; WOW64) AppleWebKit/537.36 (KHTML, like Gecko) Chrome/46.0.2490.86 Safari/537.36"
::1 - - [25/Nov/2015:08:06:51 +0000] "GET /api/restaurants/street/Rue%20de%20la%20Voile HTTP/1.1" 200 4 "-" "Mozilla/5.0 (Windows NT 6.3; WOW64) AppleWebKit/537.36 (KHTML, like Gecko) Chrome/46.0.2490.86 Safari/537.36"
::1 - - [25/Nov/2015:08:08:00 +0000] "GET /api/restaurants HTTP/1.1" 200 530 "-" "Mozilla/5.0 (Windows NT 6.3; WOW64) AppleWebKit/537.36 (KHTML, like Gecko) Chrome/46.0.2490.86 Safari/537.36"
::1 - - [25/Nov/2015:08:12:59 +0000] "GET /api/restaurants/rating/5 HTTP/1.1" 200 61 "-" "Mozilla/5.0 (Windows NT 6.3; WOW64) AppleWebKit/537.36 (KHTML, like Gecko) Chrome/46.0.2490.86 Safari/537.36"
::1 - - [25/Nov/2015:08:14:43 +0000] "GET /api/restaurants HTTP/1.1" 200 530 "-" "Mozilla/5.0 (Windows NT 6.3; WOW64) AppleWebKit/537.36 (KHTML, like Gecko) Chrome/46.0.2490.86 Safari/537.36"
::1 - - [25/Nov/2015:08:15:07 +0000] "GET /api/restaurants/544435474254 HTTP/1.1" 200 68 "-" "Mozilla/5.0 (Windows NT 6.3; WOW64) AppleWebKit/537.36 (KHTML, like Gecko) Chrome/46.0.2490.86 Safari/537.36"
::1 - - [25/Nov/2015:08:15:14 +0000] "GET /api/restaurants HTTP/1.1" 200 530 "-" "Mozilla/5.0 (Windows NT 6.3; WOW64) AppleWebKit/537.36 (KHTML, like Gecko) Chrome/46.0.2490.86 Safari/537.36"
::1 - - [25/Nov/2015:08:17:06 +0000] "GET /api/restaurants/rating/5 HTTP/1.1" 200 61 "-" "Mozilla/5.0 (Windows NT 6.3; WOW64) AppleWebKit/537.36 (KHTML, like Gecko) Chrome/46.0.2490.86 Safari/537.36"
::1 - - [25/Nov/2015:08:17:28 +0000] "GET /api/restaurants HTTP/1.1" 200 530 "-" "Mozilla/5.0 (Windows NT 6.3; WOW64) AppleWebKit/537.36 (KHTML, like Gecko) Chrome/46.0.2490.86 Safari/537.36"
::1 - - [25/Nov/2015:08:18:23 +0000] "GET /api/restaurants/phone/0032 HTTP/1.1" 200 261 "-" "Mozilla/5.0 (Windows NT 6.3; WOW64) AppleWebKit/537.36 (KHTML, like Gecko) Chrome/46.0.2490.86 Safari/537.36"
::1 - - [25/Nov/2015:08:18:54 +0000] "GET /api/restaurants/name/Le&Pivert HTTP/1.1" 200 4 "-" "Mozilla/5.0 (Windows NT 6.3; WOW64) AppleWebKit/537.36 (KHTML, like Gecko) Chrome/46.0.2490.86 Safari/537.36"
::1 - - [25/Nov/2015:08:18:58 +0000] "GET /api/restaurants/name/Pivert HTTP/1.1" 200 261 "-" "Mozilla/5.0 (Windows NT 6.3; WOW64) AppleWebKit/537.36 (KHTML, like Gecko) Chrome/46.0.2490.86 Safari/537.36"
::1 - - [25/Nov/2015:08:21:29 +0000] "GET /api/restaurants HTTP/1.1" 200 530 "-" "Mozilla/5.0 (Windows NT 6.3; WOW64) AppleWebKit/537.36 (KHTML, like Gecko) Chrome/46.0.2490.86 Safari/537.36"
::1 - - [25/Nov/2015:08:21:56 +0000] "GET /api/restaurants/address.street/Voile HTTP/1.1" 200 266 "-" "Mozilla/5.0 (Windows NT 6.3; WOW64) AppleWebKit/537.36 (KHTML, like Gecko) Chrome/46.0.2490.86 Safari/537.36"
::1 - - [25/Nov/2015:09:01:50 +0000] "POST /api/restaurants HTTP/1.1" 500 2133 "-" "Mozilla/5.0 (Windows NT 6.3; WOW64) AppleWebKit/537.36 (KHTML, like Gecko) Chrome/46.0.2490.86 Safari/537.36"
::1 - - [25/Nov/2015:09:01:58 +0000] "GET /api/restaurants HTTP/1.1" 200 530 "-" "Mozilla/5.0 (Windows NT 6.3; WOW64) AppleWebKit/537.36 (KHTML, like Gecko) Chrome/46.0.2490.86 Safari/537.36"
::1 - - [25/Nov/2015:09:03:31 +0000] "POST /api/restaurants HTTP/1.1" 500 2133 "-" "Mozilla/5.0 (Windows NT 6.3; WOW64) AppleWebKit/537.36 (KHTML, like Gecko) Chrome/46.0.2490.86 Safari/537.36"
::1 - - [25/Nov/2015:09:05:03 +0000] "POST /api/restaurants HTTP/1.1" - - "-" "Mozilla/5.0 (Windows NT 6.3; WOW64) AppleWebKit/537.36 (KHTML, like Gecko) Chrome/46.0.2490.86 Safari/537.36"
::1 - - [25/Nov/2015:09:05:11 +0000] "GET /api/restaurants HTTP/1.1" 200 530 "-" "Mozilla/5.0 (Windows NT 6.3; WOW64) AppleWebKit/537.36 (KHTML, like Gecko) Chrome/46.0.2490.86 Safari/537.36"
::1 - - [25/Nov/2015:09:06:24 +0000] "POST /api/restaurants HTTP/1.1" - - "-" "Mozilla/5.0 (Windows NT 6.3; WOW64) AppleWebKit/537.36 (KHTML, like Gecko) Chrome/46.0.2490.86 Safari/537.36"
::1 - - [25/Nov/2015:09:06:55 +0000] "POST /api/restaurants HTTP/1.1" - - "-" "Mozilla/5.0 (Windows NT 6.3; WOW64) AppleWebKit/537.36 (KHTML, like Gecko) Chrome/46.0.2490.86 Safari/537.36"
::1 - - [25/Nov/2015:09:06:59 +0000] "POST /api/restaurants HTTP/1.1" - - "-" "Mozilla/5.0 (Windows NT 6.3; WOW64) AppleWebKit/537.36 (KHTML, like Gecko) Chrome/46.0.2490.86 Safari/537.36"
::1 - - [25/Nov/2015:09:07:05 +0000] "GET /api/restaurants/ HTTP/1.1" 200 530 "-" "Mozilla/5.0 (Windows NT 6.3; WOW64) AppleWebKit/537.36 (KHTML, like Gecko) Chrome/46.0.2490.86 Safari/537.36"
::1 - - [25/Nov/2015:09:10:00 +0000] "GET /api/restaurants/ HTTP/1.1" 200 802 "-" "Mozilla/5.0 (Windows NT 6.3; WOW64) AppleWebKit/537.36 (KHTML, like Gecko) Chrome/46.0.2490.86 Safari/537.36"
::1 - - [25/Nov/2015:09:10:40 +0000] "GET /api/restaurants/ HTTP/1.1" 200 1074 "-" "Mozilla/5.0 (Windows NT 6.3; WOW64) AppleWebKit/537.36 (KHTML, like Gecko) Chrome/46.0.2490.86 Safari/537.36"
::1 - - [25/Nov/2015:09:20:38 +0000] "GET /api/restaurants/ HTTP/1.1" 200 1074 "-" "Mozilla/5.0 (Windows NT 6.3; WOW64) AppleWebKit/537.36 (KHTML, like Gecko) Chrome/46.0.2490.86 Safari/537.36"
::1 - - [25/Nov/2015:09:20:44 +0000] "POST /api/restaurants HTTP/1.1" 200 37 "-" "Mozilla/5.0 (Windows NT 6.3; WOW64) AppleWebKit/537.36 (KHTML, like Gecko) Chrome/46.0.2490.86 Safari/537.36"
::1 - - [25/Nov/2015:09:20:48 +0000] "GET /api/restaurants/ HTTP/1.1" 200 1346 "-" "Mozilla/5.0 (Windows NT 6.3; WOW64) AppleWebKit/537.36 (KHTML, like Gecko) Chrome/46.0.2490.86 Safari/537.36"
::1 - - [25/Nov/2015:09:58:27 +0000] "GET /api/restaurants/ HTTP/1.1" 200 1346 "-" "Mozilla/5.0 (Windows NT 6.3; WOW64) AppleWebKit/537.36 (KHTML, like Gecko) Chrome/46.0.2490.86 Safari/537.36"
::1 - - [25/Nov/2015:09:59:07 +0000] "POST /api/restaurants HTTP/1.1" 200 37 "-" "Mozilla/5.0 (Windows NT 6.3; WOW64) AppleWebKit/537.36 (KHTML, like Gecko) Chrome/46.0.2490.86 Safari/537.36"
::1 - - [25/Nov/2015:09:59:20 +0000] "GET /api/restaurants/ HTTP/1.1" 200 1346 "-" "Mozilla/5.0 (Windows NT 6.3; WOW64) AppleWebKit/537.36 (KHTML, like Gecko) Chrome/46.0.2490.86 Safari/537.36"
::1 - - [25/Nov/2015:10:10:33 +0000] "GET /api/restaurants/ HTTP/1.1" 200 1346 "-" "Mozilla/5.0 (Windows NT 6.3; WOW64) AppleWebKit/537.36 (KHTML, like Gecko) Chrome/46.0.2490.86 Safari/537.36"
::1 - - [25/Nov/2015:10:11:15 +0000] "DELETE /api/restaurants HTTP/1.1" 200 42 "-" "Mozilla/5.0 (Windows NT 6.3; WOW64) AppleWebKit/537.36 (KHTML, like Gecko) Chrome/46.0.2490.86 Safari/537.36"
::1 - - [25/Nov/2015:10:11:24 +0000] "GET /api/restaurants/ HTTP/1.1" 200 1079 "-" "Mozilla/5.0 (Windows NT 6.3; WOW64) AppleWebKit/537.36 (KHTML, like Gecko) Chrome/46.0.2490.86 Safari/537.36"
